07/03/2023 18:41:38 - root - INFO - Tomas has logged in successfully !!
07/03/2023 18:41:41 - root - INFO - User Tomas choice practis
07/03/2023 18:42:28 - root - INFO - Tomas has logged in successfully !!
07/03/2023 18:42:30 - root - INFO - User Tomas choice exam
07/03/2023 18:43:18 - root - INFO - Exam function is DONE!!!
07/03/2023 18:53:23 - root - INFO - Tom has logged in successfully !!
07/03/2023 18:53:33 - root - INFO - User Tom choice practis
07/03/2023 18:58:23 - root - INFO - Tomas has logged in successfully !!
07/03/2023 18:58:24 - root - INFO - User Tomas choice practis
07/03/2023 18:59:32 - root - INFO - Tim has logged in successfully !!
07/03/2023 18:59:33 - root - INFO - User Tim choice practis
07/03/2023 19:10:14 - root - INFO - tim has logged in successfully !!
07/03/2023 19:10:30 - root - INFO - tim has logged in successfully !!
07/03/2023 19:10:32 - root - INFO - User tim choice practis
07/03/2023 19:50:18 - root - INFO - tim has logged in successfully !!
07/03/2023 19:50:21 - root - INFO - User tim choice practis
07/03/2023 19:52:22 - root - INFO - Tim has logged in successfully !!
07/03/2023 19:52:24 - root - INFO - User Tim choice practis
07/03/2023 19:53:18 - root - INFO - tim has logged in successfully !!
07/03/2023 19:53:27 - root - INFO - User tim choice practis
07/03/2023 19:54:55 - root - INFO - Tim has logged in successfully !!
07/03/2023 19:54:56 - root - INFO - User Tim choice practis
07/03/2023 19:57:33 - root - INFO - Tim has logged in successfully !!
07/03/2023 19:57:35 - root - INFO - User Tim choice exam
07/03/2023 19:59:06 - root - INFO - Tim has logged in successfully !!
07/03/2023 19:59:08 - root - INFO - User Tim choice exam
07/03/2023 20:00:17 - root - INFO - tim has logged in successfully !!
07/03/2023 20:00:19 - root - INFO - User tim choice practis
07/03/2023 20:01:28 - root - INFO - ti has logged in successfully !!
07/03/2023 20:01:29 - root - INFO - User ti choice practis
07/03/2023 20:03:44 - root - INFO - dd has logged in successfully !!
07/03/2023 20:03:46 - root - INFO - User dd choice practis
07/03/2023 20:04:09 - root - INFO - sdf has logged in successfully !!
07/03/2023 20:04:10 - root - INFO - User sdf choice practis
07/03/2023 20:05:12 - root - INFO - asda has logged in successfully !!
07/03/2023 20:05:14 - root - INFO - User asda choice practis
07/03/2023 20:07:37 - root - INFO - tyy has logged in successfully !!
07/03/2023 20:07:38 - root - INFO - User tyy choice practis
07/03/2023 20:07:56 - root - INFO - sdf has logged in successfully !!
07/03/2023 20:07:58 - root - INFO - User sdf choice exam
07/03/2023 20:08:09 - root - INFO - Exam function is DONE!!!
07/03/2023 20:17:47 - root - INFO - ti has logged in successfully !!
07/03/2023 20:17:48 - root - INFO - User ti choice practis
07/03/2023 20:18:31 - root - INFO - gsdf has logged in successfully !!
07/03/2023 20:18:33 - root - INFO - User gsdf choice exam
07/03/2023 20:19:40 - root - INFO - sdfg has logged in successfully !!
07/03/2023 20:19:41 - root - INFO - User sdfg choice exam
07/03/2023 20:20:05 - root - INFO - Exam function is DONE!!!
07/03/2023 20:21:37 - root - INFO - asdf has logged in successfully !!
07/03/2023 20:21:38 - root - INFO - User asdf choice practis
07/03/2023 20:22:06 - root - INFO - aas has logged in successfully !!
07/03/2023 20:22:08 - root - INFO - User aas choice practis
07/03/2023 20:23:49 - root - INFO - ta has logged in successfully !!
07/03/2023 20:23:53 - root - INFO - User ta choice exam
07/03/2023 20:28:53 - root - INFO - sdfg has logged in successfully !!
07/03/2023 20:28:55 - root - INFO - User sdfg choice exam
07/03/2023 20:32:08 - root - INFO - asd has logged in successfully !!
07/03/2023 20:32:09 - root - INFO - User asd choice exam
07/03/2023 20:35:21 - root - INFO - sdfg has logged in successfully !!
07/03/2023 20:35:24 - root - INFO - User sdfg choice exam
07/03/2023 20:41:10 - root - INFO - tim has logged in successfully !!
07/03/2023 20:41:12 - root - INFO - User tim choice exam
07/03/2023 20:41:19 - root - INFO - Exam function is DONE!!!
07/03/2023 20:41:27 - root - INFO - asdf has logged in successfully !!
07/03/2023 20:41:30 - root - INFO - User asdf choice exam
07/03/2023 20:41:35 - root - INFO - Exam function is DONE!!!
07/03/2023 20:43:20 - root - INFO - tim has logged in successfully !!
07/03/2023 20:43:21 - root - INFO - User tim choice practis
07/03/2023 20:51:01 - root - INFO - fasd has logged in successfully !!
07/03/2023 20:51:03 - root - INFO - User fasd choice practis
07/03/2023 20:51:13 - root - INFO - sdfs has logged in successfully !!
07/03/2023 20:51:14 - root - INFO - User sdfs choice exam
07/03/2023 20:51:30 - root - INFO - Exam function is DONE!!!
07/03/2023 20:56:41 - root - INFO - sdf has logged in successfully !!
07/03/2023 20:56:43 - root - INFO - User sdf choice practis
07/03/2023 20:57:14 - root - INFO - sd has logged in successfully !!
07/03/2023 20:57:17 - root - INFO - User sd choice practis
07/03/2023 20:58:10 - root - INFO - sdf has logged in successfully !!
07/03/2023 20:58:11 - root - INFO - User sdf choice practis
07/03/2023 20:59:33 - root - INFO - sdfg has logged in successfully !!
07/03/2023 20:59:34 - root - INFO - User sdfg choice practis
07/03/2023 20:59:43 - root - INFO - sdfgsd has logged in successfully !!
07/03/2023 20:59:44 - root - INFO - User sdfgsd choice exam
07/03/2023 20:59:50 - root - INFO - Exam function is DONE!!!
07/03/2023 21:11:35 - root - INFO - sd has logged in successfully !!
07/03/2023 21:11:37 - root - INFO - User sd choice exam
07/03/2023 21:15:43 - root - INFO - ssdf has logged in successfully !!
07/03/2023 21:15:44 - root - INFO - User ssdf choice exam
07/03/2023 21:19:05 - root - INFO - sdfg has logged in successfully !!
07/03/2023 21:19:06 - root - INFO - User sdfg choice exam
07/03/2023 21:19:55 - root - INFO - sdf has logged in successfully !!
07/03/2023 21:19:55 - root - INFO - User sdf choice exam
07/03/2023 21:20:27 - root - INFO - Exam function is DONE!!!
07/03/2023 21:20:32 - root - INFO - sdfg has logged in successfully !!
07/03/2023 21:20:33 - root - INFO - User sdfg choice practis
07/03/2023 21:24:14 - root - INFO - sdfg has logged in successfully !!
07/03/2023 21:24:15 - root - INFO - User sdfg choice practis
07/03/2023 21:24:24 - root - INFO - sdfg has logged in successfully !!
07/03/2023 21:24:26 - root - INFO - User sdfg choice exam
07/03/2023 21:24:41 - root - INFO - Exam function is DONE!!!
07/03/2023 21:28:55 - root - INFO - asd has logged in successfully !!
07/03/2023 21:31:45 - root - INFO - User asd choice practis
07/03/2023 21:33:00 - root - INFO - sdg has logged in successfully !!
07/03/2023 21:33:02 - root - INFO - User sdg choice practis
07/03/2023 21:33:41 - root - INFO - dfg has logged in successfully !!
07/03/2023 21:33:43 - root - INFO - User dfg choice practis
07/03/2023 21:34:30 - root - INFO - asdf has logged in successfully !!
07/03/2023 21:34:34 - root - INFO - User asdf choice exam
07/03/2023 21:34:59 - root - INFO - sdfg has logged in successfully !!
07/03/2023 21:35:00 - root - INFO - User sdfg choice exam
07/03/2023 21:35:34 - root - INFO - dfg has logged in successfully !!
07/03/2023 21:35:36 - root - INFO - User dfg choice exam
07/03/2023 21:36:00 - root - INFO - Exam function is DONE!!!
07/03/2023 21:43:45 - root - INFO - dfg has logged in successfully !!
07/03/2023 21:43:46 - root - INFO - User dfg choice practis
07/03/2023 21:50:17 - root - INFO - sdf has logged in successfully !!
07/03/2023 21:50:19 - root - INFO - User sdf choice exam
07/03/2023 21:52:19 - root - INFO - sdf has logged in successfully !!
07/03/2023 21:52:21 - root - INFO - User sdf choice exam
07/03/2023 21:53:17 - root - INFO - sdf has logged in successfully !!
07/03/2023 21:53:18 - root - INFO - User sdf choice exam
07/03/2023 21:53:41 - root - INFO - asd has logged in successfully !!
07/03/2023 21:53:43 - root - INFO - User asd choice exam
07/03/2023 21:54:03 - root - INFO - sdf has logged in successfully !!
07/03/2023 21:54:03 - root - INFO - User sdf choice exam
07/03/2023 21:54:18 - root - INFO - Exam function is DONE!!!
07/03/2023 21:56:23 - root - INFO - asd has logged in successfully !!
07/03/2023 21:56:25 - root - INFO - User asd choice practis
07/03/2023 21:57:45 - root - INFO - sdfg has logged in successfully !!
07/03/2023 21:57:46 - root - INFO - User sdfg choice practis
07/03/2023 21:58:27 - root - INFO - sdfg has logged in successfully !!
07/03/2023 21:58:28 - root - INFO - User sdfg choice practis
07/03/2023 21:58:43 - root - INFO - sdfg has logged in successfully !!
07/03/2023 21:58:44 - root - INFO - User sdfg choice exam
07/03/2023 21:59:07 - root - INFO - Exam function is DONE!!!
